
Circuit 1 cell sky130_fd_pr__pfet_g5v0d10v5 and Circuit 2 cell sky130_fd_pr__pfet_g5v0d10v5 are black boxes.
Warning: Equate pins:  cell sky130_fd_pr__pfet_g5v0d10v5 is a placeholder, treated as a black box.
Warning: Equate pins:  cell sky130_fd_pr__pfet_g5v0d10v5 is a placeholder, treated as a black box.

Subcircuit pins:
Circuit 1: sky130_fd_pr__pfet_g5v0d10v5    |Circuit 2: sky130_fd_pr__pfet_g5v0d10v5    
-------------------------------------------|-------------------------------------------
1                                          |1                                          
2                                          |2                                          
3                                          |3                                          
4                                          |4                                          
---------------------------------------------------------------------------------------
Cell pin lists are equivalent.
Device classes sky130_fd_pr__pfet_g5v0d10v5 and sky130_fd_pr__pfet_g5v0d10v5 are equivalent.

Circuit 1 cell sky130_fd_pr__nfet_g5v0d10v5 and Circuit 2 cell sky130_fd_pr__nfet_g5v0d10v5 are black boxes.
Warning: Equate pins:  cell sky130_fd_pr__nfet_g5v0d10v5 is a placeholder, treated as a black box.
Warning: Equate pins:  cell sky130_fd_pr__nfet_g5v0d10v5 is a placeholder, treated as a black box.

Subcircuit pins:
Circuit 1: sky130_fd_pr__nfet_g5v0d10v5    |Circuit 2: sky130_fd_pr__nfet_g5v0d10v5    
-------------------------------------------|-------------------------------------------
1                                          |1                                          
2                                          |2                                          
3                                          |3                                          
4                                          |4                                          
---------------------------------------------------------------------------------------
Cell pin lists are equivalent.
Device classes sky130_fd_pr__nfet_g5v0d10v5 and sky130_fd_pr__nfet_g5v0d10v5 are equivalent.

Circuit 1 cell sky130_fd_pr__diode_pw2nd_05v5 and Circuit 2 cell sky130_fd_pr__diode_pw2nd_05v5 are black boxes.
Warning: Equate pins:  cell sky130_fd_pr__diode_pw2nd_05v5 is a placeholder, treated as a black box.
Warning: Equate pins:  cell sky130_fd_pr__diode_pw2nd_05v5 is a placeholder, treated as a black box.

Subcircuit pins:
Circuit 1: sky130_fd_pr__diode_pw2nd_05v5  |Circuit 2: sky130_fd_pr__diode_pw2nd_05v5  
-------------------------------------------|-------------------------------------------
1                                          |1                                          
2                                          |2                                          
---------------------------------------------------------------------------------------
Cell pin lists are equivalent.
Device classes sky130_fd_pr__diode_pw2nd_05v5 and sky130_fd_pr__diode_pw2nd_05v5 are equivalent.

Circuit 1 cell sky130_fd_pr__nfet_01v8 and Circuit 2 cell sky130_fd_pr__nfet_01v8 are black boxes.
Warning: Equate pins:  cell sky130_fd_pr__nfet_01v8 is a placeholder, treated as a black box.
Warning: Equate pins:  cell sky130_fd_pr__nfet_01v8 is a placeholder, treated as a black box.

Subcircuit pins:
Circuit 1: sky130_fd_pr__nfet_01v8         |Circuit 2: sky130_fd_pr__nfet_01v8         
-------------------------------------------|-------------------------------------------
1                                          |1                                          
2                                          |2                                          
3                                          |3                                          
4                                          |4                                          
---------------------------------------------------------------------------------------
Cell pin lists are equivalent.
Device classes sky130_fd_pr__nfet_01v8 and sky130_fd_pr__nfet_01v8 are equivalent.

Circuit 1 cell sky130_fd_pr__pfet_01v8_hvt and Circuit 2 cell sky130_fd_pr__pfet_01v8_hvt are black boxes.
Warning: Equate pins:  cell sky130_fd_pr__pfet_01v8_hvt is a placeholder, treated as a black box.
Warning: Equate pins:  cell sky130_fd_pr__pfet_01v8_hvt is a placeholder, treated as a black box.

Subcircuit pins:
Circuit 1: sky130_fd_pr__pfet_01v8_hvt     |Circuit 2: sky130_fd_pr__pfet_01v8_hvt     
-------------------------------------------|-------------------------------------------
1                                          |1                                          
2                                          |2                                          
3                                          |3                                          
4                                          |4                                          
---------------------------------------------------------------------------------------
Cell pin lists are equivalent.
Device classes sky130_fd_pr__pfet_01v8_hvt and sky130_fd_pr__pfet_01v8_hvt are equivalent.

Class sky130_fd_sc_hvl__inv_2 (0):  Merged 2 parallel devices.
Class sky130_fd_sc_hvl__inv_2 (1):  Merged 2 parallel devices.
Subcircuit summary:
Circuit 1: sky130_fd_sc_hvl__inv_2         |Circuit 2: sky130_fd_sc_hvl__inv_2         
-------------------------------------------|-------------------------------------------
sky130_fd_pr__pfet_g5v0d10v5 (2->1)        |sky130_fd_pr__pfet_g5v0d10v5 (2->1)        
sky130_fd_pr__nfet_g5v0d10v5 (2->1)        |sky130_fd_pr__nfet_g5v0d10v5 (2->1)        
Number of devices: 2                       |Number of devices: 2                       
Number of nets: 6                          |Number of nets: 6                          
---------------------------------------------------------------------------------------
Netlists match uniquely.

Subcircuit pins:
Circuit 1: sky130_fd_sc_hvl__inv_2         |Circuit 2: sky130_fd_sc_hvl__inv_2         
-------------------------------------------|-------------------------------------------
A                                          |A                                          
Y                                          |Y                                          
VPWR                                       |VPWR                                       
VPB                                        |VPB                                        
VGND                                       |VGND                                       
VNB                                        |VNB                                        
---------------------------------------------------------------------------------------
Cell pin lists are equivalent.
Device classes sky130_fd_sc_hvl__inv_2 and sky130_fd_sc_hvl__inv_2 are equivalent.

Class sky130_fd_sc_hvl__lsbuflv2hv_1 (0):  Merged 8 parallel devices.
Class sky130_fd_sc_hvl__lsbuflv2hv_1 (1):  Merged 8 parallel devices.
Subcircuit summary:
Circuit 1: sky130_fd_sc_hvl__lsbuflv2hv_1  |Circuit 2: sky130_fd_sc_hvl__lsbuflv2hv_1  
-------------------------------------------|-------------------------------------------
sky130_fd_pr__nfet_g5v0d10v5 (12->4)       |sky130_fd_pr__nfet_g5v0d10v5 (12->4)       
sky130_fd_pr__pfet_g5v0d10v5 (4)           |sky130_fd_pr__pfet_g5v0d10v5 (4)           
sky130_fd_pr__nfet_01v8 (2)                |sky130_fd_pr__nfet_01v8 (2)                
sky130_fd_pr__pfet_01v8_hvt (2)            |sky130_fd_pr__pfet_01v8_hvt (2)            
Number of devices: 12                      |Number of devices: 12                      
Number of nets: 12                         |Number of nets: 12                         
---------------------------------------------------------------------------------------
Netlists match uniquely.

Subcircuit pins:
Circuit 1: sky130_fd_sc_hvl__lsbuflv2hv_1  |Circuit 2: sky130_fd_sc_hvl__lsbuflv2hv_1  
-------------------------------------------|-------------------------------------------
VPWR                                       |VPWR                                       
VPB                                        |VPB                                        
LVPWR                                      |LVPWR                                      
X                                          |X                                          
A                                          |A                                          
VGND                                       |VGND                                       
VNB                                        |VNB                                        
---------------------------------------------------------------------------------------
Cell pin lists are equivalent.
Device classes sky130_fd_sc_hvl__lsbuflv2hv_1 and sky130_fd_sc_hvl__lsbuflv2hv_1 are equivalent.
Flattening unmatched subcell sky130_fd_pr__pfet_g5v0d10v5_KLHCT5 in circuit simple_analog_switch (0)(1 instance)
Flattening unmatched subcell sky130_fd_pr__pfet_g5v0d10v5_KL97Y6 in circuit simple_analog_switch (0)(2 instances)
Flattening unmatched subcell sky130_fd_pr__nfet_g5v0d10v5_E7BQJJ in circuit simple_analog_switch (0)(1 instance)
Flattening unmatched subcell sky130_fd_pr__nfet_g5v0d10v5_WSEQJ8 in circuit simple_analog_switch (0)(2 instances)

Class simple_analog_switch (0):  Merged 6 parallel devices.
Subcircuit summary:
Circuit 1: simple_analog_switch            |Circuit 2: simple_analog_switch            
-------------------------------------------|-------------------------------------------
sky130_fd_pr__pfet_g5v0d10v5 (8->3)        |sky130_fd_pr__pfet_g5v0d10v5 (3)           
sky130_fd_pr__nfet_g5v0d10v5 (4->3)        |sky130_fd_pr__nfet_g5v0d10v5 (3)           
Number of devices: 6                       |Number of devices: 6                       
Number of nets: 6                          |Number of nets: 6                          
---------------------------------------------------------------------------------------
Resolving symmetries by property value.
Resolving symmetries by pin name.
Netlists match uniquely.

Subcircuit pins:
Circuit 1: simple_analog_switch            |Circuit 2: simple_analog_switch            
-------------------------------------------|-------------------------------------------
on                                         |on                                         
vss                                        |vss                                        
off                                        |off                                        
vdd                                        |vdd                                        
in                                         |in                                         
out                                        |out                                        
---------------------------------------------------------------------------------------
Cell pin lists are equivalent.
Device classes simple_analog_switch and simple_analog_switch are equivalent.

Subcircuit summary:
Circuit 1: sky130_fd_sc_hvl__decap_4       |Circuit 2: sky130_fd_sc_hvl__decap_4       
-------------------------------------------|-------------------------------------------
sky130_fd_pr__nfet_g5v0d10v5 (1)           |sky130_fd_pr__nfet_g5v0d10v5 (1)           
sky130_fd_pr__pfet_g5v0d10v5 (1)           |sky130_fd_pr__pfet_g5v0d10v5 (1)           
Number of devices: 2                       |Number of devices: 2                       
Number of nets: 4                          |Number of nets: 4                          
---------------------------------------------------------------------------------------
Netlists match uniquely.

Subcircuit pins:
Circuit 1: sky130_fd_sc_hvl__decap_4       |Circuit 2: sky130_fd_sc_hvl__decap_4       
-------------------------------------------|-------------------------------------------
VNB                                        |VNB                                        
VPB                                        |VPB                                        
VGND                                       |VGND                                       
VPWR                                       |VPWR                                       
---------------------------------------------------------------------------------------
Cell pin lists are equivalent.
Device classes sky130_fd_sc_hvl__decap_4 and sky130_fd_sc_hvl__decap_4 are equivalent.
Flattening unmatched subcell sky130_fd_pr__diode_pw2nd_05v5_FT76RJ in circuit simple_analog_switch_ena1v8 (0)(1 instance)

Flattening instances of sky130_fd_sc_hvl__decap_4 in cell simple_analog_switch_ena1v8 (0) makes a better match
Making another compare attempt.

Class simple_analog_switch_ena1v8 (0):  Merged 2 parallel devices.
Subcircuit summary:
Circuit 1: simple_analog_switch_ena1v8     |Circuit 2: simple_analog_switch_ena1v8     
-------------------------------------------|-------------------------------------------
sky130_fd_pr__diode_pw2nd_05v5 (1)         |sky130_fd_pr__diode_pw2nd_05v5 (1)         
sky130_fd_sc_hvl__inv_2 (2)                |sky130_fd_sc_hvl__inv_2 (2)                
sky130_fd_sc_hvl__lsbuflv2hv_1 (1)         |sky130_fd_sc_hvl__lsbuflv2hv_1 (1)         
simple_analog_switch (1)                   |simple_analog_switch (1)                   
sky130_fd_pr__nfet_g5v0d10v5 (2->1)        |(no matching element)                      
sky130_fd_pr__pfet_g5v0d10v5 (2->1)        |(no matching element)                      
Number of devices: 7 **Mismatch**          |Number of devices: 5 **Mismatch**          
Number of nets: 10                         |Number of nets: 10                         
---------------------------------------------------------------------------------------
NET mismatches: Class fragments follow (with fanout counts):
Circuit 1: simple_analog_switch_ena1v8     |Circuit 2: simple_analog_switch_ena1v8     

---------------------------------------------------------------------------------------
(no matching net)                          |Net: avdd                                  
                                           |  sky130_fd_sc_hvl__lsbuflv2hv_1/VPB = 1   
                                           |  sky130_fd_sc_hvl__lsbuflv2hv_1/VPWR = 1  
                                           |  simple_analog_switch/vdd = 1             
                                           |  sky130_fd_sc_hvl__inv_2/VPB = 2          
                                           |  sky130_fd_sc_hvl__inv_2/VPWR = 2         
                                           |                                           
(no matching net)                          |Net: dvss                                  
                                           |  sky130_fd_sc_hvl__lsbuflv2hv_1/VGND = 1  
                                           |  sky130_fd_sc_hvl__lsbuflv2hv_1/VNB = 1   
                                           |  sky130_fd_pr__diode_pw2nd_05v5/1 = 1     
                                           |  sky130_fd_sc_hvl__inv_2/VGND = 2         
                                           |  sky130_fd_sc_hvl__inv_2/VNB = 2          
---------------------------------------------------------------------------------------

---------------------------------------------------------------------------------------
Net: in                                    |Net: in                                    
  simple_analog_switch/in = 1              |  simple_analog_switch/in = 1              
                                           |                                           
Net: out                                   |Net: out                                   
  simple_analog_switch/out = 1             |  simple_analog_switch/out = 1             
                                           |                                           
Net: avss                                  |Net: avss                                  
  simple_analog_switch/vss = 1             |  simple_analog_switch/vss = 1             
                                           |                                           
Net: dvdd                                  |Net: dvdd                                  
  sky130_fd_sc_hvl__lsbuflv2hv_1/LVPWR = 1 |  sky130_fd_sc_hvl__lsbuflv2hv_1/LVPWR = 1 
---------------------------------------------------------------------------------------

---------------------------------------------------------------------------------------
Net: simple_analog_switch_0/off            |Net: net2                                  
  sky130_fd_sc_hvl__inv_2/A = 1            |  sky130_fd_sc_hvl__inv_2/A = 1            
  sky130_fd_sc_hvl__inv_2/Y = 1            |  sky130_fd_sc_hvl__inv_2/Y = 1            
  simple_analog_switch/off = 1             |  simple_analog_switch/off = 1             
---------------------------------------------------------------------------------------

---------------------------------------------------------------------------------------
Net: sky130_fd_sc_hvl__inv_2_1/A           |Net: net1                                  
  sky130_fd_sc_hvl__inv_2/A = 1            |  simple_analog_switch/on = 1              
  sky130_fd_sc_hvl__lsbuflv2hv_1/X = 1     |  sky130_fd_sc_hvl__inv_2/Y = 1            
                                           |                                           
Net: A                                     |Net: net3                                  
  sky130_fd_sc_hvl__inv_2/Y = 1            |  sky130_fd_sc_hvl__lsbuflv2hv_1/X = 1     
  simple_analog_switch/on = 1              |  sky130_fd_sc_hvl__inv_2/A = 1            
                                           |                                           
Net: on                                    |Net: on                                    
  sky130_fd_pr__diode_pw2nd_05v5/2 = 1     |  sky130_fd_pr__diode_pw2nd_05v5/2 = 1     
  sky130_fd_sc_hvl__lsbuflv2hv_1/A = 1     |  sky130_fd_sc_hvl__lsbuflv2hv_1/A = 1     
---------------------------------------------------------------------------------------

---------------------------------------------------------------------------------------
Net: avdd                                  |(no matching net)                          
  sky130_fd_sc_hvl__inv_2/VPB = 2          |                                           
  sky130_fd_sc_hvl__inv_2/VPWR = 2         |                                           
  sky130_fd_sc_hvl__lsbuflv2hv_1/VPB = 1   |                                           
  sky130_fd_sc_hvl__lsbuflv2hv_1/VPWR = 1  |                                           
  simple_analog_switch/vdd = 1             |                                           
  sky130_fd_pr__nfet_g5v0d10v5/2 = 1       |                                           
  sky130_fd_pr__pfet_g5v0d10v5/(1|3) = 2   |                                           
  sky130_fd_pr__pfet_g5v0d10v5/4 = 1       |                                           
                                           |                                           
Net: dvss                                  |(no matching net)                          
  sky130_fd_pr__diode_pw2nd_05v5/1 = 1     |                                           
  sky130_fd_sc_hvl__inv_2/VGND = 2         |                                           
  sky130_fd_sc_hvl__inv_2/VNB = 2          |                                           
  sky130_fd_sc_hvl__lsbuflv2hv_1/VGND = 1  |                                           
  sky130_fd_sc_hvl__lsbuflv2hv_1/VNB = 1   |                                           
  sky130_fd_pr__nfet_g5v0d10v5/(1|3) = 2   |                                           
  sky130_fd_pr__nfet_g5v0d10v5/4 = 1       |                                           
  sky130_fd_pr__pfet_g5v0d10v5/2 = 1       |                                           
---------------------------------------------------------------------------------------
DEVICE mismatches: Class fragments follow (with node fanout counts):
Circuit 1: simple_analog_switch_ena1v8     |Circuit 2: simple_analog_switch_ena1v8     

---------------------------------------------------------------------------------------
Instance: sky130_fd_sc_hvl__decap_4_0/sky1 |(no matching instance)                     
  (1,3) = (11,11)                          |                                           
  2 = 11                                   |                                           
  4 = 11                                   |                                           
                                           |                                           
                                           |                                           
Instance: sky130_fd_sc_hvl__decap_4_0/sky1 |(no matching instance)                     
  (1,3) = (11,11)                          |                                           
  2 = 11                                   |                                           
  4 = 11                                   |                                           
                                           |                                           
---------------------------------------------------------------------------------------

---------------------------------------------------------------------------------------
Instance: simple_analog_switch_0           |Instance: simple_analog_switch:3           
  on = 2                                   |  on = 2                                   
  off = 3                                  |  off = 3                                  
  out = 1                                  |  out = 1                                  
  in = 1                                   |  in = 1                                   
  vdd = 11                                 |  vdd = 7                                  
  vss = 1                                  |  vss = 1                                  
---------------------------------------------------------------------------------------

---------------------------------------------------------------------------------------
Instance: sky130_fd_sc_hvl__lsbuflv2hv_1_0 |Instance: sky130_fd_sc_hvl__lsbuflv2hv_1:2 
  A = 2                                    |  A = 2                                    
  LVPWR = 1                                |  LVPWR = 1                                
  VGND = 11                                |  VGND = 7                                 
  VNB = 11                                 |  VNB = 7                                  
  VPB = 11                                 |  VPB = 7                                  
  VPWR = 11                                |  VPWR = 7                                 
  X = 2                                    |  X = 2                                    
---------------------------------------------------------------------------------------

---------------------------------------------------------------------------------------
Instance: sky130_fd_sc_hvl__inv_2_1        |Instance: sky130_fd_sc_hvl__inv_2:4        
  A = 2                                    |  A = 3                                    
  VGND = 11                                |  VGND = 7                                 
  VNB = 11                                 |  VNB = 7                                  
  VPB = 11                                 |  VPB = 7                                  
  VPWR = 11                                |  VPWR = 7                                 
  Y = 3                                    |  Y = 2                                    
                                           |                                           
Instance: sky130_fd_sc_hvl__inv_2_0        |Instance: sky130_fd_sc_hvl__inv_2:1        
  A = 3                                    |  A = 2                                    
  VGND = 11                                |  VGND = 7                                 
  VNB = 11                                 |  VNB = 7                                  
  VPB = 11                                 |  VPB = 7                                  
  VPWR = 11                                |  VPWR = 7                                 
  Y = 2                                    |  Y = 3                                    
---------------------------------------------------------------------------------------

---------------------------------------------------------------------------------------
Instance: sky130_fd_pr__diode_pw2nd_05v5_F |Instance: sky130_fd_pr__diode_pw2nd_05v5:D 
  1 = 11                                   |  1 = 7                                    
  2 = 2                                    |  2 = 2                                    
---------------------------------------------------------------------------------------
Netlists do not match.

Subcircuit pins:
Circuit 1: simple_analog_switch_ena1v8     |Circuit 2: simple_analog_switch_ena1v8     
-------------------------------------------|-------------------------------------------
avss                                       |in **Mismatch**                            
in                                         |out **Mismatch**                           
out                                        |avss **Mismatch**                          
dvdd                                       |dvdd                                       
A                                          |(no matching pin)                          
on                                         |on                                         
Cell pin lists are equivalent.
Device classes simple_analog_switch_ena1v8 and simple_analog_switch_ena1v8 are equivalent.

Final result: Netlists do not match.
